2018/8/8 15:54:17	Information	insert into Concentrator values('257','192.168.1.170','1','','')
2018/8/8 16:02:23	Information	select * from concentrator where UnitID = 257
2018/8/8 16:02:26	Information	select * from concentrator where UnitID = 257
2018/8/8 16:02:42	Information	select * from concentrator where UnitID = 257
2018/8/8 17:32:56	Information	insert into sensordata values('1','1','1.01','2018/8/8 17:32:47','1')
2018/8/8 17:32:56	Information	insert into sensordata values('1','1','-26.6','2018/8/8 17:32:56','2')
2018/8/8 17:32:56	Information	insert into sensordata values('1','1','3.58','2018/8/8 17:32:56','3')
2018/8/8 17:32:57	Information	insert into sensordata values('1','1','6.6','2018/8/8 17:32:56','4')
2018/8/8 17:32:57	Information	insert into sensordata values('1','1','21.1','2018/8/8 17:32:57','5')
2018/8/8 17:32:57	Information	insert into sensordata values('1','1','34','2018/8/8 17:32:57','6')
2018/8/8 17:32:57	Information	insert into sensordata values('1','1','1.09','2018/8/8 17:32:57','7')
2018/8/8 17:34:00	Information	insert into sensordata values('1','1','1.01','2018/8/8 17:33:55','1')
2018/8/8 17:34:08	Information	insert into sensordata values('1','1','-26.6','2018/8/8 17:34:05','2')
2018/8/8 17:34:20	Information	insert into sensordata values('1','1','3.58','2018/8/8 17:34:08','3')
2018/8/8 17:34:21	Information	insert into sensordata values('1','1','6.6','2018/8/8 17:34:20','4')
2018/8/8 17:34:47	Information	insert into sensordata values('1','1','21.1','2018/8/8 17:34:21','5')
2018/8/8 17:34:57	Information	insert into sensordata values('1','1','34','2018/8/8 17:34:47','6')
2018/8/8 17:35:01	Information	insert into sensordata values('1','1','1.09','2018/8/8 17:34:57','7')
2018/8/8 17:35:51	Information	insert into sensordata values('1','1','1.01','2018/8/8 17:35:51','1')
2018/8/8 17:35:52	Information	insert into sensordata values('1','1','-26.6','2018/8/8 17:35:51','2')
2018/8/8 17:35:52	Information	insert into sensordata values('1','1','3.58','2018/8/8 17:35:52','3')
2018/8/8 17:35:52	Information	insert into sensordata values('1','1','6.6','2018/8/8 17:35:52','4')
2018/8/8 17:35:52	Information	insert into sensordata values('1','1','21.1','2018/8/8 17:35:52','5')
2018/8/8 17:35:52	Information	insert into sensordata values('1','1','34','2018/8/8 17:35:52','6')
2018/8/8 17:35:52	Information	insert into sensordata values('1','1','1.09','2018/8/8 17:35:52','7')
2018/8/8 17:38:42	Information	insert into sensordata values('1','1','1.01','2018/8/8 17:38:36','1')
2018/8/8 17:38:42	Information	insert into sensordata values('1','1','-26.6','2018/8/8 17:38:42','2')
2018/8/8 17:38:42	Information	insert into sensordata values('1','1','3.58','2018/8/8 17:38:42','3')
2018/8/8 17:38:42	Information	insert into sensordata values('1','1','6.6','2018/8/8 17:38:42','4')
2018/8/8 17:38:42	Information	insert into sensordata values('1','1','21.1','2018/8/8 17:38:42','5')
2018/8/8 17:38:43	Information	insert into sensordata values('1','1','34','2018/8/8 17:38:42','6')
2018/8/8 17:38:43	Information	insert into sensordata values('1','1','1.09','2018/8/8 17:38:43','7')
2018/8/8 17:42:19	Information	insert into sensordata values('1','1','1.01','2018/8/8 17:41:18','1')
2018/8/8 17:42:19	Information	insert into sensordata values('1','1','-26.6','2018/8/8 17:42:19','2')
2018/8/8 17:42:19	Information	insert into sensordata values('1','1','3.58','2018/8/8 17:42:19','3')
2018/8/8 17:42:19	Information	insert into sensordata values('1','1','6.6','2018/8/8 17:42:19','4')
2018/8/8 17:42:19	Information	insert into sensordata values('1','1','21.1','2018/8/8 17:42:19','5')
2018/8/8 17:42:19	Information	insert into sensordata values('1','1','34','2018/8/8 17:42:19','6')
2018/8/8 17:42:20	Information	insert into sensordata values('1','1','1.09','2018/8/8 17:42:19','7')
2018/8/8 17:56:44	Information	insert into sensordata values('1','1','1.01','2018/8/8 17:56:18','1')
2018/8/8 17:56:50	Error	Keyword not supported.
参数名: chartset
2018/8/8 17:56:50	Information	insert into sensordata values('1','1','-26.6','2018/8/8 17:56:44','2')
2018/8/8 17:57:50	Information	insert into sensordata values('1','1','1.01','2018/8/8 17:57:40','1')
2018/8/8 17:57:53	Information	insert into sensordata values('1','1','-26.6','2018/8/8 17:57:53','2')
2018/8/8 17:57:53	Information	insert into sensordata values('1','1','3.58','2018/8/8 17:57:53','3')
2018/8/8 17:57:53	Information	insert into sensordata values('1','1','6.6','2018/8/8 17:57:53','4')
2018/8/8 17:57:53	Information	insert into sensordata values('1','1','21.1','2018/8/8 17:57:53','5')
2018/8/8 17:57:53	Information	insert into sensordata values('1','1','34','2018/8/8 17:57:53','6')
2018/8/8 17:57:53	Information	insert into sensordata values('1','1','1.09','2018/8/8 17:57:53','7')
2018/8/8 17:58:06	Information	insert into sensordata values('1','1','1.01','2018/8/8 17:58:06','1')
2018/8/8 17:58:06	Information	insert into sensordata values('1','1','-26.6','2018/8/8 17:58:06','2')
2018/8/8 17:58:06	Information	insert into sensordata values('1','1','3.58','2018/8/8 17:58:06','3')
2018/8/8 17:58:06	Information	insert into sensordata values('1','1','6.6','2018/8/8 17:58:06','4')
2018/8/8 17:58:07	Information	insert into sensordata values('1','1','21.1','2018/8/8 17:58:06','5')
2018/8/8 17:58:07	Information	insert into sensordata values('1','1','34','2018/8/8 17:58:07','6')
2018/8/8 17:58:07	Information	insert into sensordata values('1','1','1.09','2018/8/8 17:58:07','7')
2018/8/8 17:59:21	Information	insert into sensordata values('1','1','1.01','2018/8/8 17:59:08','1')
2018/8/8 17:59:22	Information	insert into sensordata values('1','1','-26.6','2018/8/8 17:59:21','2')
2018/8/8 17:59:22	Information	insert into sensordata values('1','1','3.58','2018/8/8 17:59:22','3')
2018/8/8 17:59:22	Information	insert into sensordata values('1','1','6.6','2018/8/8 17:59:22','4')
2018/8/8 17:59:22	Information	insert into sensordata values('1','1','21.1','2018/8/8 17:59:22','5')
2018/8/8 17:59:22	Information	insert into sensordata values('1','1','34','2018/8/8 17:59:22','6')
2018/8/8 17:59:22	Information	insert into sensordata values('1','1','1.09','2018/8/8 17:59:22','7')
2018/8/8 17:59:22	Information	insert into sensordata values('1','1','1.01','2018/8/8 17:59:22','1')
2018/8/8 17:59:22	Information	insert into sensordata values('1','1','-26.6','2018/8/8 17:59:22','2')
2018/8/8 17:59:23	Information	insert into sensordata values('1','1','3.58','2018/8/8 17:59:22','3')
2018/8/8 17:59:23	Information	insert into sensordata values('1','1','6.6','2018/8/8 17:59:23','4')
2018/8/8 17:59:23	Information	insert into sensordata values('1','1','21.1','2018/8/8 17:59:23','5')
2018/8/8 17:59:23	Information	insert into sensordata values('1','1','34','2018/8/8 17:59:23','6')
2018/8/8 17:59:23	Information	insert into sensordata values('1','1','1.09','2018/8/8 17:59:23','7')
2018/8/8 19:03:18	Information	insert into sensordata values('1','1','1.01','2018/8/8 19:03:02','1')
2018/8/8 19:03:18	Information	insert into sensordata values('1','1','-26.6','2018/8/8 19:03:18','2')
2018/8/8 19:03:19	Information	insert into sensordata values('1','1','3.58','2018/8/8 19:03:18','3')
2018/8/8 19:03:19	Information	insert into sensordata values('1','1','6.6','2018/8/8 19:03:19','4')
2018/8/8 19:03:19	Information	insert into sensordata values('1','1','21.1','2018/8/8 19:03:19','5')
2018/8/8 19:03:19	Information	insert into sensordata values('1','1','34','2018/8/8 19:03:19','6')
2018/8/8 19:03:19	Information	insert into sensordata values('1','1','1.09','2018/8/8 19:03:19','7')
2018/8/8 19:03:29	Information	insert into sensordata values('1','1','1.01','2018/8/8 19:03:29','1')
2018/8/8 19:03:29	Information	insert into sensordata values('1','1','-26.6','2018/8/8 19:03:29','2')
2018/8/8 19:03:29	Information	insert into sensordata values('1','1','3.58','2018/8/8 19:03:29','3')
2018/8/8 19:03:29	Information	insert into sensordata values('1','1','6.6','2018/8/8 19:03:29','4')
2018/8/8 19:03:29	Information	insert into sensordata values('1','1','21.1','2018/8/8 19:03:29','5')
2018/8/8 19:03:29	Information	insert into sensordata values('1','1','34','2018/8/8 19:03:29','6')
2018/8/8 19:03:30	Information	insert into sensordata values('1','1','1.09','2018/8/8 19:03:29','7')
2018/8/8 19:03:42	Information	insert into sensordata values('1','1','1.01','2018/8/8 19:03:42','1')
2018/8/8 19:03:42	Information	insert into sensordata values('1','1','-26.6','2018/8/8 19:03:42','2')
2018/8/8 19:03:43	Information	insert into sensordata values('1','1','3.58','2018/8/8 19:03:42','3')
2018/8/8 19:03:43	Information	insert into sensordata values('1','1','6.6','2018/8/8 19:03:43','4')
2018/8/8 19:03:43	Information	insert into sensordata values('1','1','21.1','2018/8/8 19:03:43','5')
2018/8/8 19:03:43	Information	insert into sensordata values('1','1','34','2018/8/8 19:03:43','6')
2018/8/8 19:03:43	Information	insert into sensordata values('1','1','1.09','2018/8/8 19:03:43','7')
